<?xml version="1.0" encoding="UTF-8"?>
<!-- Generated by org.testng.reporters.JUnitReportReporter -->
<testsuite hostname="LAPTOP-R9JQ6VTF" failures="0" tests="1" name="com.demo.Demo" time="4.972" errors="0" timestamp="2025-06-18T12:57:45 IST" skipped="0">
  <testcase classname="com.demo.Demo" name="testLogin" time="4.972"/>
</testsuite> <!-- com.demo.Demo -->
